<?xml version="1.0" encoding="UTF-8"?>
<!-- Generated by org.testng.reporters.JUnitReportReporter -->
<testsuite hostname="02484840Bs-MacBook-Pro.local" name="KarateApiTesting.TestRunner" tests="1" failures="0" timestamp="18 Oct 2019 20:53:33 GMT" time="8.484" errors="0">
  <testcase name="testParallel" time="8.484" classname="KarateApiTesting.TestRunner"/>
</testsuite> <!-- KarateApiTesting.TestRunner -->
