<?xml version="1.0" encoding="UTF-8"?>
<!-- Generated by org.testng.reporters.JUnitReportReporter -->
<testsuite hostname="02484840Bs-MacBook-Pro.local" name="KarateApiTesting.TestRunner" tests="1" failures="0" timestamp="23 Oct 2019 18:53:31 GMT" time="9.480" errors="0">
  <testcase name="testParallel" time="9.480" classname="KarateApiTesting.TestRunner"/>
</testsuite> <!-- KarateApiTesting.TestRunner -->
