<?xml version="1.0" encoding="UTF-8"?>
<!-- Generated by org.testng.reporters.JUnitReportReporter -->
<testsuite skipped="0" hostname="DESKTOP-O5PCGF9" name="KarateApiTesting.TestRunner" tests="1" failures="0" timestamp="2019-05-24T21:52:04 EEST" time="10.135" errors="0">
  <testcase name="testParallel" time="10.135" classname="KarateApiTesting.TestRunner"/>
</testsuite> <!-- KarateApiTesting.TestRunner -->
